<?xml version="1.0" encoding="UTF-8"?>
<!-- Generated by org.testng.reporters.JUnitXMLReporter -->
<testsuite hostname="DESKTOP-E4661M5" ignored="0" name="Default test" tests="4" failures="0" timestamp="26 Jan 2020 17:58:12 GMT" time="296.562" errors="0">
  <testcase name="VerifyHomePage" time="0.1" classname="com.erail.qa.Tests.HomePageTests"/>
  <testcase name="SearchTrain" time="180.597" classname="com.erail.qa.Tests.HomePageTests"/>
  <testcase name="SearchTrain" time="7.16" classname="com.erail.qa.Tests.HomePageTests"/>
  <testcase name="BestMacthTrain" time="68.61" classname="com.erail.qa.Tests.HomePageTests"/>
</testsuite> <!-- Default test -->
